Data place holders scattered
Received Data

Summary from processor #0
A1: 2533 posts
A2: 4165 posts
A3: 5036 posts
A4: 310 posts
B1: 16507 posts
B2: 79633 posts
B3: 26550 posts
B4: 5450 posts
C1: 8427 posts
C2: 145096 posts
C3: 53299 posts
C4: 19699 posts
C5: 4106 posts
D3: 13388 posts
D4: 14497 posts
D5: 3248 posts


OTHERS: 2098056 posts


Total tweets in file: 2500000

Execution Time: 190.49772357940674 s

########################################################################################################################################################

C2: 145096 posts
B2: 79633 posts
C3: 53299 posts
B3: 26550 posts
C4: 19699 posts
B1: 16507 posts
D4: 14497 posts
D3: 13388 posts
C1: 8427 posts
B4: 5450 posts
A3: 5036 posts
A2: 4165 posts
C5: 4106 posts
D5: 3248 posts
A1: 2533 posts
A4: 310 posts


OTHERS: 2098056 posts


Total tweets in file: 2500000


C2: (('#melbourne', 12564), ('#job', 2126), ('#australia', 1737), ('#jobs', 1300), ('#hiring', 986))
B2: (('#melbourne', 995), ('#incident', 314), ('#auspol', 302), ('#victraffic', 239), ('#firealarm', 237))
C3: (('#melbourne', 585), ('#incident', 317), ('#victraffic', 297), ('#firealarm', 232), ('#structurefire', 219))
B3: (('#incident', 222), ('#melbourne', 202), ('#structurefire', 177), ('#nonstructurefire', 159), ('#firealarm', 158))
C4: (('#auspol', 223), ('#incident', 195), ('#structurefire', 179), ('#savedallas', 165), ('#victraffic', 144))
B1: (('#melbourne', 218), ('#structurefire', 134), ('#vote5sos', 130), ('#nonstructurefire', 128), ('#incident', 111))
D4: (('#nowplaying', 1730), ('#karishmatannacraze', 83), ('#victraffic', 79), ('#structurefire', 70), ('#other', 55))
D3: (('#melbourne', 92), ('#incident', 67), ('#victraffic', 63), ('#beach', 63), ('#structurefire', 62))
C1: (('#incident', 112), ('#structurefire', 98), ('#jackdm', 97), ('#melbourne', 68), ('#firealarm', 60))
B4: (('#nonstructurefire', 55), ('#incident', 49), ('#structurefire', 49), ('#melbourne', 48), ('#fire', 31))
A3: (('#raw', 40), ('#structurefire', 38), ('#saveconstantine', 30), ('#nonstructurefire', 30), ('#epping', 21))
A2: (('#krazykristmas', 177), ('#nonstructurefire', 72), ('#structurefire', 70), ('#rcl1milliongiveaway', 59), ('#egsholidaygiveaway', 57))
C5: (('#melbourne', 60), ('#victraffic', 31), ('#photo', 20), ('#australia', 18), ('#1000steps', 16))
D5: (('#lost', 30), ('#cat', 28), ('#somebodytocon', 27), ('#melbourne', 25), ('#findjasper', 23))
A1: (('#bbau', 15), ('#tattoo', 14), ('#melbourne', 12), ('#vobis', 11), ('#worldjudo2014', 11))
A4: (('#auspol', 7), ('#qldvotes', 6), ('#lnp', 6), ('#libspill', 5), ('#vicfires', 3), ('#happiness', 3), ('#photo', 3), ('#grassfire', 3), ('#birthday', 3), ('#incident', 3))

Execution Time: 190.60758352279663 s

real	3m10.976s
user	3m7.548s
sys	0m3.134s
